<?xml version="1.0" encoding="UTF-8"?>
<!-- Generated by org.testng.reporters.JUnitReportReporter -->
<testsuite hostname="Ashok" failures="0" tests="1" name="com.sample.crud.withbddtest.getResourceHRM" time="1.203" errors="0" timestamp="2024-11-15T10:35:14 IST" skipped="0">
  <testcase classname="com.sample.crud.withbddtest.getResourceHRM" name="getProject" time="1.203"/>
</testsuite> <!-- com.sample.crud.withbddtest.getResourceHRM -->
