<?xml version="1.0" encoding="UTF-8"?>
<!-- Generated by org.testng.reporters.JUnitReportReporter -->
<testsuite hostname="Ashok" failures="0" tests="1" name="rquestchaining.Scenario2_AddEmployeeProject" time="2.123" errors="0" timestamp="2024-11-18T12:18:51 IST" skipped="0">
  <testcase classname="rquestchaining.Scenario2_AddEmployeeProject" name="deleteEmployee" time="2.123"/>
</testsuite> <!-- rquestchaining.Scenario2_AddEmployeeProject -->
