<?xml version="1.0" encoding="UTF-8"?>
<!-- Generated by org.testng.reporters.JUnitReportReporter -->
<testsuite hostname="Ashok" failures="0" tests="1" name="rquestchaining.Scenario3_getPayRollInfo" time="2.090" errors="0" timestamp="2024-11-18T12:58:54 IST" skipped="0">
  <testcase classname="rquestchaining.Scenario3_getPayRollInfo" name="deleteEmployee" time="2.090"/>
</testsuite> <!-- rquestchaining.Scenario3_getPayRollInfo -->
