<?xml version="1.0" encoding="UTF-8"?>
<!-- Generated by org.testng.reporters.JUnitReportReporter -->
<testsuite hostname="Ashok" failures="0" tests="1" name="datadriventesting.ExcelCountColumns" time="0.474" errors="0" timestamp="2024-11-19T13:28:29 IST" skipped="0">
  <testcase classname="datadriventesting.ExcelCountColumns" name="getCountColumns" time="0.474"/>
</testsuite> <!-- datadriventesting.ExcelCountColumns -->
