<?xml version="1.0" encoding="UTF-8"?>
<!-- Generated by org.testng.reporters.JUnitReportReporter -->
<testsuite hostname="Ashok" failures="0" tests="1" name="praticePrograms.getResourceHRM" time="2.347" errors="0" timestamp="2024-11-14T16:33:13 IST" skipped="0">
  <testcase classname="praticePrograms.getResourceHRM" name="getProject" time="2.347"/>
</testsuite> <!-- praticePrograms.getResourceHRM -->
