<?xml version="1.0" encoding="UTF-8"?>
<!-- Generated by org.testng.reporters.JUnitReportReporter -->
<testsuite hostname="Ashok" failures="0" tests="1" name="praticePrograms.DeleteProjectFromHRM" time="1.422" errors="0" timestamp="2024-11-14T17:49:17 IST" skipped="0">
  <testcase classname="praticePrograms.DeleteProjectFromHRM" name="getProject" time="1.422"/>
</testsuite> <!-- praticePrograms.DeleteProjectFromHRM -->
