<?xml version="1.0" encoding="UTF-8"?>
<!-- Generated by org.testng.reporters.JUnitReportReporter -->
<testsuite hostname="Ashok" failures="0" tests="8" name="datadriventesting.AddMultipleProjects" time="0.018" errors="0" timestamp="2024-11-19T14:45:45 IST" skipped="0">
  <testcase classname="datadriventesting.AddMultipleProjects" name="sampleTest" time="0.003"/>
  <testcase classname="datadriventesting.AddMultipleProjects" name="sampleTest" time="0.001"/>
  <testcase classname="datadriventesting.AddMultipleProjects" name="sampleTest" time="0.003"/>
  <testcase classname="datadriventesting.AddMultipleProjects" name="sampleTest" time="0.002"/>
  <testcase classname="datadriventesting.AddMultipleProjects" name="sampleTest" time="0.002"/>
  <testcase classname="datadriventesting.AddMultipleProjects" name="sampleTest" time="0.005"/>
  <testcase classname="datadriventesting.AddMultipleProjects" name="sampleTest" time="0.001"/>
  <testcase classname="datadriventesting.AddMultipleProjects" name="sampleTest" time="0.001"/>
</testsuite> <!-- datadriventesting.AddMultipleProjects -->
