<?xml version="1.0" encoding="UTF-8"?>
<!-- Generated by org.testng.reporters.JUnitReportReporter -->
<testsuite hostname="Ashok" failures="0" tests="1" name="com.sample.assertions.VerifyResponseBodyTest" time="1.436" errors="0" timestamp="2024-11-17T13:16:04 IST" skipped="0">
  <testcase classname="com.sample.assertions.VerifyResponseBodyTest" name="verifyResponseBody" time="1.436"/>
</testsuite> <!-- com.sample.assertions.VerifyResponseBodyTest -->
