<?xml version="1.0" encoding="UTF-8"?>
<!-- Generated by org.testng.reporters.JUnitReportReporter -->
<testsuite hostname="Ashok" failures="0" tests="1" name="com.sample.crud.withbddtest.DeleteProjectFromHRM" time="1.249" errors="0" timestamp="2024-11-15T10:39:35 IST" skipped="0">
  <testcase classname="com.sample.crud.withbddtest.DeleteProjectFromHRM" name="getProject" time="1.249"/>
</testsuite> <!-- com.sample.crud.withbddtest.DeleteProjectFromHRM -->
