<?xml version="1.0" encoding="UTF-8"?>
<!-- Generated by org.testng.reporters.JUnitReportReporter -->
<testsuite hostname="Ashok" failures="0" tests="1" name="praticePrograms.updateCompleteHRMProject" time="1.562" errors="0" timestamp="2024-11-14T18:16:19 IST" skipped="0">
  <testcase classname="praticePrograms.updateCompleteHRMProject" name="updateCompleteProjectInHRM" time="1.562"/>
</testsuite> <!-- praticePrograms.updateCompleteHRMProject -->
