<?xml version="1.0" encoding="UTF-8"?>
<!-- Generated by org.testng.reporters.JUnitReportReporter -->
<testsuite hostname="Ashok" failures="0" tests="1" name="praticePrograms.createResourceHRM" time="1.456" errors="0" timestamp="2024-11-14T18:15:24 IST" skipped="0">
  <testcase classname="praticePrograms.createResourceHRM" name="createProjectHRM" time="1.456"/>
</testsuite> <!-- praticePrograms.createResourceHRM -->
