<?xml version="1.0" encoding="UTF-8"?>
<!-- Generated by org.testng.reporters.JUnitReportReporter -->
<testsuite hostname="Ashok" failures="0" tests="1" name="com.sample.crud.withbddtest.updateCompleteHRMProject" time="1.274" errors="0" timestamp="2024-11-15T10:37:46 IST" skipped="0">
  <testcase classname="com.sample.crud.withbddtest.updateCompleteHRMProject" name="updateCompleteProjectInHRM" time="1.274"/>
</testsuite> <!-- com.sample.crud.withbddtest.updateCompleteHRMProject -->
