<?xml version="1.0" encoding="UTF-8"?>
<!-- Generated by org.testng.reporters.JUnitReportReporter -->
<testsuite hostname="Ashok" failures="0" tests="1" name="com.sample.crud.withbddtest.CreateResourceHRM" time="1.459" errors="0" timestamp="2024-11-15T10:33:54 IST" skipped="0">
  <testcase classname="com.sample.crud.withbddtest.CreateResourceHRM" name="createProjectHRM" time="1.459"/>
</testsuite> <!-- com.sample.crud.withbddtest.CreateResourceHRM -->
