<?xml version="1.0" encoding="UTF-8"?>
<!-- Generated by org.testng.reporters.JUnitReportReporter -->
<testsuite hostname="Ashok" failures="0" tests="1" name="rquestchaining.Scenario1_DeleteProject" time="2.560" errors="0" timestamp="2024-11-18T18:21:11 IST" skipped="0">
  <testcase classname="rquestchaining.Scenario1_DeleteProject" name="deleteEmployee" time="2.560"/>
</testsuite> <!-- rquestchaining.Scenario1_DeleteProject -->
