<?xml version="1.0" encoding="UTF-8"?>
<!-- Generated by org.testng.reporters.JUnitReportReporter -->
<testsuite hostname="Ashok" failures="0" tests="1" name="com.sample.assertions.verifyResponseHeader" time="1.378" errors="0" timestamp="2024-11-16T14:56:01 IST" skipped="0">
  <testcase classname="com.sample.assertions.verifyResponseHeader" name="getProject" time="1.378"/>
</testsuite> <!-- com.sample.assertions.verifyResponseHeader -->
