<?xml version="1.0" encoding="UTF-8"?>
<!-- Generated by org.testng.reporters.JUnitReportReporter -->
<testsuite hostname="Ashok" failures="0" tests="1" name="com.sample.assertions.VerifyResponseTime" time="1.421" errors="0" timestamp="2024-11-16T12:43:28 IST" skipped="0">
  <testcase classname="com.sample.assertions.VerifyResponseTime" name="createProjectHRM" time="1.421"/>
</testsuite> <!-- com.sample.assertions.VerifyResponseTime -->
