<?xml version="1.0" encoding="UTF-8"?>
<!-- Generated by org.testng.reporters.JUnitReportReporter -->
<testsuite hostname="Ashok" failures="0" tests="1" name="praticePrograms.StaticMembersImported" time="0.012" errors="0" timestamp="2024-11-14T12:16:02 IST" skipped="0">
  <testcase classname="praticePrograms.StaticMembersImported" name="sampleTest" time="0.012"/>
</testsuite> <!-- praticePrograms.StaticMembersImported -->
