<?xml version="1.0" encoding="UTF-8"?>
<!-- Generated by org.testng.reporters.JUnitReportReporter -->
<testsuite hostname="Ashok" failures="0" tests="1" name="ninza.hrm.api.employetest.CheckingDbInDatabaseTest" time="2.792" errors="0" timestamp="2024-11-19T16:03:04 IST" skipped="0">
  <testcase classname="ninza.hrm.api.employetest.CheckingDbInDatabaseTest" name="createProjectCheckDB" time="2.792"/>
</testsuite> <!-- ninza.hrm.api.employetest.CheckingDbInDatabaseTest -->
