<?xml version="1.0" encoding="UTF-8"?>
<!-- Generated by org.testng.reporters.JUnitReportReporter -->
<testsuite hostname="Ashok" failures="0" tests="1" name="praticePrograms.SimpleTest" time="2.938" errors="0" timestamp="2024-11-14T13:06:23 IST" skipped="0">
  <testcase classname="praticePrograms.SimpleTest" name="getPetDetails" time="2.938"/>
</testsuite> <!-- praticePrograms.SimpleTest -->
